{
  "stats": {
    "suites": 1,
    "tests": 1,
    "passes": 0,
    "pending": 0,
    "failures": 1,
    "start": "2019-11-15T11:50:06.561Z",
    "end": "2019-11-15T11:51:18.779Z",
    "duration": 72218,
    "testsRegistered": 1,
    "passPercent": 0,
    "pendingPercent": 0,
    "other": 0,
    "hasOther": false,
    "skipped": 0,
    "hasSkipped": false,
    "passPercentClass": "danger",
    "pendingPercentClass": "danger"
  },
  "suites": {
    "uuid": "f45902be-f605-4161-9e6b-d9ca4ceafb79",
    "title": "",
    "fullFile": "",
    "file": "",
    "beforeHooks": [
      {
        "title": "\"before all\" hook: start server",
        "fullTitle": "\"before all\" hook: start server",
        "timedOut": false,
        "duration": 29677,
        "pass": false,
        "fail": false,
        "pending": false,
        "context": "[\n  \"on_server_started\",\n  \"./on_server_started.png\"\n]",
        "code": "nsAppium.nsCapabilities.testReporter.context = this;\nawait nsAppium.startServer();",
        "err": {},
        "isRoot": true,
        "uuid": "1a95bce6-2e42-4969-9e38-28743f03d2d8",
        "isHook": true,
        "skipped": false
      }
    ],
    "afterHooks": [
      {
        "title": "\"after all\" hook: stop appium server",
        "fullTitle": "\"after all\" hook: stop appium server",
        "timedOut": false,
        "duration": 2270,
        "pass": false,
        "fail": false,
        "pending": false,
        "code": "await nsAppium.stopServer();",
        "err": {},
        "isRoot": true,
        "uuid": "5532464d-c9fb-4317-bf04-67e85b4f7fc0",
        "isHook": true,
        "skipped": false
      }
    ],
    "tests": [],
    "suites": [
      {
        "uuid": "ee481efa-8b69-4df1-af80-4fea5f6ae6fd",
        "title": "sample scenario",
        "fullFile": "/home/sergi/Code/acacha/moixonet-nativescript-frontend/e2e/sample.e2e-spec.js",
        "file": "/e2e/sample.e2e-spec.js",
        "beforeHooks": [
          {
            "title": "\"before all\" hook",
            "fullTitle": "sample scenario \"before all\" hook",
            "timedOut": false,
            "duration": 32230,
            "pass": false,
            "fail": false,
            "pending": false,
            "context": "[\n  \"appium_driver_started\",\n  \"./appium_driver_started.png\"\n]",
            "code": "nsAppium.nsCapabilities.testReporter.context = this; \ndriver = await nsAppium.createDriver();",
            "err": {},
            "isRoot": false,
            "uuid": "413c7d1a-fa71-4eac-8471-cd754603ffa2",
            "isHook": true,
            "skipped": false
          }
        ],
        "afterHooks": [
          {
            "title": "\"after all\" hook",
            "fullTitle": "sample scenario \"after all\" hook",
            "timedOut": false,
            "duration": 1824,
            "pass": false,
            "fail": false,
            "pending": false,
            "context": "[\n  \"appium_driver_quit\",\n  \"./appium_driver_quit.png\",\n  \"on_server_stopped\",\n  \"./on_server_stopped.png\"\n]",
            "code": "await driver.quit();\nconsole.log(\"Quit driver!\");",
            "err": {},
            "isRoot": false,
            "uuid": "28f245aa-bdb6-44c9-b3bf-b7de5483ba88",
            "isHook": true,
            "skipped": false
          },
          {
            "title": "\"after each\" hook",
            "fullTitle": "sample scenario \"after each\" hook",
            "timedOut": false,
            "duration": 892,
            "pass": false,
            "fail": false,
            "pending": false,
            "code": "if (this.currentTest.state === \"failed\") {\n    await driver.logTestArtifacts(this.currentTest.title);\n}",
            "err": {},
            "isRoot": false,
            "uuid": "606aa037-2d73-4704-90c7-58f2bc7727b0",
            "isHook": true,
            "skipped": false
          }
        ],
        "tests": [
          {
            "title": "should find an element by text",
            "fullTitle": "sample scenario should find an element by text",
            "timedOut": false,
            "duration": 5318,
            "state": "failed",
            "pass": false,
            "fail": true,
            "pending": false,
            "context": "[\n  \"should_find_an_element_by_text\",\n  \"./should_find_an_element_by_text.png\"\n]",
            "code": "const label = await driver.findElementByText(\"Welcome\", \"contains\");\nassert.isTrue(await label.isDisplayed());",
            "err": {
              "message": "Error: [waitForElementByXPath(\"//*[contains(translate(@content-desc,'ABCDEFGHIJKLMNOPQRSTUVWXYZ','abcdefghijklmnopqrstuvwxyz'),'welcome') or contains(translate(@resource-id,'ABCDEFGHIJKLMNOPQRSTUVWXYZ','abcdefghijklmnopqrstuvwxyz'),'welcome') or contains(translate(@text,'ABCDEFGHIJKLMNOPQRSTUVWXYZ','abcdefghijklmnopqrstuvwxyz'),'welcome')]\",5000)] Element condition wasn't satisfied!",
              "estack": "Error: [waitForElementByXPath(\"//*[contains(translate(@content-desc,'ABCDEFGHIJKLMNOPQRSTUVWXYZ','abcdefghijklmnopqrstuvwxyz'),'welcome') or contains(translate(@resource-id,'ABCDEFGHIJKLMNOPQRSTUVWXYZ','abcdefghijklmnopqrstuvwxyz'),'welcome') or contains(translate(@text,'ABCDEFGHIJKLMNOPQRSTUVWXYZ','abcdefghijklmnopqrstuvwxyz'),'welcome')]\",5000)] Element condition wasn't satisfied!\n    at /home/sergi/Code/acacha/moixonet-nativescript-frontend/node_modules/wd/lib/commands.js:979:12\n    at /home/sergi/Code/acacha/moixonet-nativescript-frontend/node_modules/wd/lib/commands.js:884:11\n    at /home/sergi/Code/acacha/moixonet-nativescript-frontend/node_modules/wd/lib/commands.js:966:13\n    at /home/sergi/Code/acacha/moixonet-nativescript-frontend/node_modules/wd/node_modules/async/dist/async.js:3888:9\n    at /home/sergi/Code/acacha/moixonet-nativescript-frontend/node_modules/wd/node_modules/async/dist/async.js:473:16\n    at replenish (node_modules/wd/node_modules/async/dist/async.js:1006:25)\n    at /home/sergi/Code/acacha/moixonet-nativescript-frontend/node_modules/wd/node_modules/async/dist/async.js:1016:9\n    at eachOfLimit (node_modules/wd/node_modules/async/dist/async.js:1041:24)\n    at /home/sergi/Code/acacha/moixonet-nativescript-frontend/node_modules/wd/node_modules/async/dist/async.js:1046:16\n    at _parallel (node_modules/wd/node_modules/async/dist/async.js:3879:5)\n    at Object.series (node_modules/wd/node_modules/async/dist/async.js:4735:5)\n    at /home/sergi/Code/acacha/moixonet-nativescript-frontend/node_modules/wd/lib/commands.js:964:15\n    at /home/sergi/Code/acacha/moixonet-nativescript-frontend/node_modules/wd/lib/promise-webdriver.js:52:11\n    at _fulfilled (node_modules/q/q.js:854:54)\n    at /home/sergi/Code/acacha/moixonet-nativescript-frontend/node_modules/q/q.js:883:30\n    at Promise.promise.promiseDispatch (node_modules/q/q.js:816:13)\n    at /home/sergi/Code/acacha/moixonet-nativescript-frontend/node_modules/q/q.js:624:44\n    at runSingle (node_modules/q/q.js:137:13)\n    at flush (node_modules/q/q.js:125:13)\n    at process._tickCallback (internal/process/next_tick.js:61:11)"
            },
            "isRoot": false,
            "uuid": "fed1f32d-f39c-4d4d-a22a-1d384dd90053",
            "isHook": false,
            "skipped": false
          }
        ],
        "suites": [],
        "passes": [],
        "failures": [
          "fed1f32d-f39c-4d4d-a22a-1d384dd90053"
        ],
        "pending": [],
        "skipped": [],
        "duration": 5318,
        "root": false,
        "rootEmpty": false,
        "_timeout": 999999
      }
    ],
    "passes": [],
    "failures": [],
    "pending": [],
    "skipped": [],
    "duration": 0,
    "root": true,
    "rootEmpty": true,
    "_timeout": 999999
  },
  "copyrightYear": 2019
}