{
  "stats": {
    "suites": 2,
    "tests": 6,
    "passes": 6,
    "pending": 0,
    "failures": 0,
    "start": "2019-11-22T12:00:18.511Z",
    "end": "2019-11-22T12:00:57.238Z",
    "duration": 38727,
    "testsRegistered": 6,
    "passPercent": 100,
    "pendingPercent": 0,
    "other": 0,
    "hasOther": false,
    "skipped": 0,
    "hasSkipped": false,
    "passPercentClass": "success",
    "pendingPercentClass": "danger"
  },
  "suites": {
    "uuid": "b412c13d-3533-40b4-be99-818fad544159",
    "title": "",
    "fullFile": "",
    "file": "",
    "beforeHooks": [
      {
        "title": "\"before all\" hook: start server",
        "fullTitle": "\"before all\" hook: start server",
        "timedOut": false,
        "duration": 2977,
        "pass": false,
        "fail": false,
        "pending": false,
        "context": "[\n  \"on_server_started\",\n  \"./on_server_started.png\"\n]",
        "code": "nsAppium.nsCapabilities.testReporter.context = this;\nawait nsAppium.startServer();",
        "err": {},
        "isRoot": true,
        "uuid": "95e94af2-7b9d-43cc-b1bc-9469678bff6a",
        "isHook": true,
        "skipped": false
      }
    ],
    "afterHooks": [
      {
        "title": "\"after all\" hook: stop appium server",
        "fullTitle": "\"after all\" hook: stop appium server",
        "timedOut": false,
        "duration": 1974,
        "pass": false,
        "fail": false,
        "pending": false,
        "code": "await nsAppium.stopServer();",
        "err": {},
        "isRoot": true,
        "uuid": "3a3dd1ad-2d1f-4401-8527-d6e55c8aa6fc",
        "isHook": true,
        "skipped": false
      }
    ],
    "tests": [],
    "suites": [
      {
        "uuid": "ef69d3f1-1918-4daf-9df6-837fe5acb9b4",
        "title": "home",
        "fullFile": "/home/sergi/Code/acacha/moixonet-nativescript-frontend/e2e/home.spec.js",
        "file": "/e2e/home.spec.js",
        "beforeHooks": [
          {
            "title": "\"before all\" hook",
            "fullTitle": "home \"before all\" hook",
            "timedOut": false,
            "duration": 13113,
            "pass": false,
            "fail": false,
            "pending": false,
            "context": "[\n  \"appium_driver_started\",\n  \"./appium_driver_started.png\"\n]",
            "code": "nsAppium.nsCapabilities.testReporter.context = this\ndriver = await nsAppium.createDriver()",
            "err": {},
            "isRoot": false,
            "uuid": "4a78e3d7-76ca-43a1-9b2f-c730d9efe957",
            "isHook": true,
            "skipped": false
          }
        ],
        "afterHooks": [
          {
            "title": "\"after all\" hook",
            "fullTitle": "home \"after all\" hook",
            "timedOut": false,
            "duration": 2369,
            "pass": false,
            "fail": false,
            "pending": false,
            "context": "[\n  \"appium_driver_quit\",\n  \"./appium_driver_quit.png\"\n]",
            "code": "await driver.quit()\nconsole.log('Quit driver!')",
            "err": {},
            "isRoot": false,
            "uuid": "d31b3210-8bbe-4608-ac9b-b9e291f8364d",
            "isHook": true,
            "skipped": false
          },
          {
            "title": "\"after each\" hook",
            "fullTitle": "home \"after each\" hook",
            "timedOut": false,
            "duration": 0,
            "pass": false,
            "fail": false,
            "pending": false,
            "code": "if (this.currentTest.state === 'failed') {\n  await driver.logTestArtifacts(this.currentTest.title)\n}",
            "err": {},
            "isRoot": false,
            "uuid": "da4c5e82-a98d-4fd1-91c7-12b696e5773e",
            "isHook": true,
            "skipped": false
          }
        ],
        "tests": [
          {
            "title": "compare screen",
            "fullTitle": "home compare screen",
            "timedOut": false,
            "duration": 325,
            "state": "passed",
            "speed": "slow",
            "pass": true,
            "fail": false,
            "pending": false,
            "code": "assert.isTrue(await driver.compareScreen('home-screen'))",
            "err": {},
            "isRoot": false,
            "uuid": "da94a3e8-397e-4b71-bade-ae9e80dec5f0",
            "isHook": false,
            "skipped": false
          },
          {
            "title": "show 'Els meus canals' on action bar title",
            "fullTitle": "home show 'Els meus canals' on action bar title",
            "timedOut": false,
            "duration": 444,
            "state": "passed",
            "speed": "slow",
            "pass": true,
            "fail": false,
            "pending": false,
            "code": "const label = await driver.findElementByText('Els meus canals', 'contains')\nassert.isTrue(await label.isDisplayed())\nassert.isTrue(await driver.compareElement(label, 'action_bar_label1'))",
            "err": {},
            "isRoot": false,
            "uuid": "774e8924-657c-4992-b7d7-bb91c6f4461e",
            "isHook": false,
            "skipped": false
          },
          {
            "title": "show 'Els meus canals' on action bar title alt",
            "fullTitle": "home show 'Els meus canals' on action bar title alt",
            "timedOut": false,
            "duration": 217,
            "state": "passed",
            "speed": "slow",
            "pass": true,
            "fail": false,
            "pending": false,
            "code": "const actionBarLabel = await driver.findElementByAccessibilityId('action_bar_label')\nassert.isTrue(await driver.compareElement(actionBarLabel, 'action_bar_label'))",
            "err": {},
            "isRoot": false,
            "uuid": "75acdc23-d2de-4259-ab09-a23146f3beeb",
            "isHook": false,
            "skipped": false
          },
          {
            "title": "Shows left drawer with nav when clicking on hamburguer icon",
            "fullTitle": "home Shows left drawer with nav when clicking on hamburguer icon",
            "timedOut": false,
            "duration": 886,
            "state": "passed",
            "speed": "slow",
            "pass": true,
            "fail": false,
            "pending": false,
            "context": "[\n  \"Screen compare failed! Found 81324 differences.\\n\",\n  \"Screen compare failed! Found 7377 differences.\\n\"\n]",
            "code": "const hamburguerIcon = await driver.findElementByAccessibilityId('hamburguer_icon')\n// const hamburguerIcon = await driver.findElementByAccessibilityId('hamburguer_icon')\nawait hamburguerIcon.click()\nassert.isTrue(await driver.compareScreen('home-screen-with-navigation-bar'))",
            "err": {},
            "isRoot": false,
            "uuid": "2b6bab46-cbb0-4d2e-b293-8faa81cb2f71",
            "isHook": false,
            "skipped": false
          },
          {
            "title": "Can navigate to home",
            "fullTitle": "home Can navigate to home",
            "timedOut": false,
            "duration": 960,
            "state": "passed",
            "speed": "slow",
            "pass": true,
            "fail": false,
            "pending": false,
            "code": "const hamburguerIcon = await driver.findElementByAccessibilityId('hamburguer_icon')\nhamburguerIcon.click()\nconst navLinkHome = await driver.findElementByText('Home', 'contains')\nassert.isTrue(await navLinkHome.isDisplayed())\nassert.isTrue(await driver.compareElement(navLinkHome, 'nav_link_home'))\n// navLinkHome.tap() // DEPRECATED\nnavLinkHome.click()\n// ASSERT SHOW HOME",
            "err": {},
            "isRoot": false,
            "uuid": "9c39b2cb-a0fe-4b06-9ab2-65e634bd91cb",
            "isHook": false,
            "skipped": false
          }
        ],
        "suites": [],
        "passes": [
          "da94a3e8-397e-4b71-bade-ae9e80dec5f0",
          "774e8924-657c-4992-b7d7-bb91c6f4461e",
          "75acdc23-d2de-4259-ab09-a23146f3beeb",
          "2b6bab46-cbb0-4d2e-b293-8faa81cb2f71",
          "9c39b2cb-a0fe-4b06-9ab2-65e634bd91cb"
        ],
        "failures": [],
        "pending": [],
        "skipped": [],
        "duration": 2832,
        "root": false,
        "rootEmpty": false,
        "_timeout": 999999
      },
      {
        "uuid": "a33182c2-c811-4036-a1b2-b47eccdefacb",
        "title": "settings",
        "fullFile": "/home/sergi/Code/acacha/moixonet-nativescript-frontend/e2e/settings.spec.js",
        "file": "/e2e/settings.spec.js",
        "beforeHooks": [
          {
            "title": "\"before all\" hook",
            "fullTitle": "settings \"before all\" hook",
            "timedOut": false,
            "duration": 10925,
            "pass": false,
            "fail": false,
            "pending": false,
            "code": "nsAppium.nsCapabilities.testReporter.context = this\ndriver = await nsAppium.createDriver()",
            "err": {},
            "isRoot": false,
            "uuid": "cf992f08-f75f-4f6f-8a16-1dccfceae95d",
            "isHook": true,
            "skipped": false
          }
        ],
        "afterHooks": [
          {
            "title": "\"after all\" hook",
            "fullTitle": "settings \"after all\" hook",
            "timedOut": false,
            "duration": 2278,
            "pass": false,
            "fail": false,
            "pending": false,
            "context": "[\n  \"appium_driver_quit\",\n  \"./appium_driver_quit.png\",\n  \"on_server_stopped\",\n  \"./on_server_stopped.png\"\n]",
            "code": "await driver.quit()\nconsole.log('Quit driver!')",
            "err": {},
            "isRoot": false,
            "uuid": "832cd6d7-3bb2-42d5-811b-7af30d55414f",
            "isHook": true,
            "skipped": false
          },
          {
            "title": "\"after each\" hook",
            "fullTitle": "settings \"after each\" hook",
            "timedOut": false,
            "duration": 0,
            "pass": false,
            "fail": false,
            "pending": false,
            "code": "if (this.currentTest.state === 'failed') {\n  await driver.logTestArtifacts(this.currentTest.title)\n}",
            "err": {},
            "isRoot": false,
            "uuid": "2da2aceb-f9ed-4cdb-9550-11acae8769c2",
            "isHook": true,
            "skipped": false
          }
        ],
        "tests": [
          {
            "title": "Can navigate to settings",
            "fullTitle": "settings Can navigate to settings",
            "timedOut": false,
            "duration": 2249,
            "state": "passed",
            "speed": "slow",
            "pass": true,
            "fail": false,
            "pending": false,
            "code": "const hamburguerIcon = await driver.findElementByAccessibilityId('hamburguer_icon')\nhamburguerIcon.click()\nconst navLinkSettings = await driver.findElementByText('Settings', 'contains')\nawait navLinkSettings.click()\n// ASSERT SHOW HOME\nassert.isTrue(await driver.compareScreen('settings-screen'))",
            "err": {},
            "isRoot": false,
            "uuid": "644df2c3-6039-487c-86b4-083b2a841b2a",
            "isHook": false,
            "skipped": false
          }
        ],
        "suites": [],
        "passes": [
          "644df2c3-6039-487c-86b4-083b2a841b2a"
        ],
        "failures": [],
        "pending": [],
        "skipped": [],
        "duration": 2249,
        "root": false,
        "rootEmpty": false,
        "_timeout": 999999
      }
    ],
    "passes": [],
    "failures": [],
    "pending": [],
    "skipped": [],
    "duration": 0,
    "root": true,
    "rootEmpty": true,
    "_timeout": 999999
  },
  "copyrightYear": 2019
}